<?xml version="1.0" encoding="UTF-8"?>
<!-- Generated by org.testng.reporters.JUnitReportReporter -->
<testsuite hostname="LAPTOP-HNF4V81C" failures="0" tests="1" name="testAPIs.PatchPayloadTest" time="2.695" errors="0" timestamp="2023-05-28T12:49:36 IST" skipped="0">
  <testcase classname="testAPIs.PatchPayloadTest" name="testPatch" time="2.695"/>
  <system-out/>
</testsuite> <!-- testAPIs.PatchPayloadTest -->
