<?xml version="1.0" encoding="UTF-8"?>
<!-- Generated by org.testng.reporters.JUnitReportReporter -->
<testsuite hostname="LAPTOP-HNF4V81C" failures="0" tests="1" name="testAPIs.PostPayloadTest" time="2.964" errors="0" timestamp="2023-05-28T12:35:26 IST" skipped="0">
  <testcase classname="testAPIs.PostPayloadTest" name="addJob" time="2.964"/>
  <system-out/>
</testsuite> <!-- testAPIs.PostPayloadTest -->
