<?xml version="1.0" encoding="UTF-8"?>
<!-- Generated by org.testng.reporters.JUnitReportReporter -->
<testsuite hostname="LAPTOP-HNF4V81C" failures="0" tests="1" name="testAPIs.PostVisExcel" time="2.125" errors="0" timestamp="2023-05-28T15:01:30 IST" skipped="0">
  <testcase classname="testAPIs.PostVisExcel" name="postTest" time="2.125"/>
  <system-out/>
</testsuite> <!-- testAPIs.PostVisExcel -->
