<?xml version="1.0" encoding="UTF-8"?>
<!-- Generated by org.testng.reporters.JUnitReportReporter -->
<testsuite hostname="LAPTOP-HNF4V81C" failures="0" tests="1" name="testAPIs.MockJsonTest" time="1.868" errors="0" timestamp="2023-05-27T16:23:07 IST" skipped="0">
  <testcase classname="testAPIs.MockJsonTest" name="testComplexJson" time="1.868"/>
  <system-out/>
</testsuite> <!-- testAPIs.MockJsonTest -->
