<?xml version="1.0" encoding="UTF-8"?>
<!-- Generated by org.testng.reporters.JUnitReportReporter -->
<testsuite hostname="LAPTOP-HNF4V81C" failures="0" tests="1" name="testAPIs.PostViaExcel" time="3.405" errors="0" timestamp="2023-05-28T16:57:58 IST" skipped="0">
  <testcase classname="testAPIs.PostViaExcel" name="postTest" time="3.405"/>
  <system-out/>
</testsuite> <!-- testAPIs.PostViaExcel -->
