<?xml version="1.0" encoding="UTF-8"?>
<!-- Generated by org.testng.reporters.JUnitReportReporter -->
<testsuite hostname="LAPTOP-HNF4V81C" failures="0" tests="1" name="utility.ExcelDataProvider" time="0.611" errors="0" timestamp="2023-05-28T14:05:59 IST" skipped="0">
  <testcase classname="utility.ExcelDataProvider" name="getData" time="0.611"/>
  <system-out/>
</testsuite> <!-- utility.ExcelDataProvider -->
