<?xml version="1.0" encoding="UTF-8"?>
<!-- Generated by org.testng.reporters.JUnitReportReporter -->
<testsuite hostname="LAPTOP-HNF4V81C" failures="0" tests="1" name="testAPIs.DeletePayloadTest" time="2.579" errors="0" timestamp="2023-05-28T14:25:25 IST" skipped="0">
  <testcase classname="testAPIs.DeletePayloadTest" name="testDelete" time="2.579"/>
  <system-out/>
</testsuite> <!-- testAPIs.DeletePayloadTest -->
